<?xml version="1.0" encoding="UTF-8"?>
<testsuite xmlns:xsi="http://www.w3.org/2001/XMLSchema-instance" xsi:noNamespaceSchemaLocation="https://maven.apache.org/surefire/maven-surefire-plugin/xsd/surefire-test-report-3.0.xsd" version="3.0" name="TestSuite" time="1.137" tests="24" errors="0" skipped="0" failures="0">
  <properties>
    <property name="java.specification.version" value="21"/>
    <property name="sun.cpu.isalist" value="amd64"/>
    <property name="sun.jnu.encoding" value="Cp1251"/>
    <property name="java.class.path" value="H:\Download\HJAQALessonQA-HomeWork6\target\test-classes;H:\Download\HJAQALessonQA-HomeWork6\target\classes;C:\Users\svv19\.m2\repository\com\squareup\okhttp3\okhttp\4.12.0\okhttp-4.12.0.jar;C:\Users\svv19\.m2\repository\com\squareup\okio\okio\3.6.0\okio-3.6.0.jar;C:\Users\svv19\.m2\repository\com\squareup\okio\okio-jvm\3.6.0\okio-jvm-3.6.0.jar;C:\Users\svv19\.m2\repository\org\jetbrains\kotlin\kotlin-stdlib-common\1.9.10\kotlin-stdlib-common-1.9.10.jar;C:\Users\svv19\.m2\repository\org\jetbrains\kotlin\kotlin-stdlib-jdk8\1.8.21\kotlin-stdlib-jdk8-1.8.21.jar;C:\Users\svv19\.m2\repository\org\jetbrains\kotlin\kotlin-stdlib\1.8.21\kotlin-stdlib-1.8.21.jar;C:\Users\svv19\.m2\repository\org\jetbrains\annotations\13.0\annotations-13.0.jar;C:\Users\svv19\.m2\repository\org\jetbrains\kotlin\kotlin-stdlib-jdk7\1.8.21\kotlin-stdlib-jdk7-1.8.21.jar;C:\Users\svv19\.m2\repository\org\testng\testng\7.9.0\testng-7.9.0.jar;C:\Users\svv19\.m2\repository\org\slf4j\slf4j-api\1.7.36\slf4j-api-1.7.36.jar;C:\Users\svv19\.m2\repository\com\beust\jcommander\1.82\jcommander-1.82.jar;C:\Users\svv19\.m2\repository\org\webjars\jquery\3.7.1\jquery-3.7.1.jar;C:\Users\svv19\.m2\repository\org\json\json\20240205\json-20240205.jar;C:\Users\svv19\.m2\repository\com\fasterxml\jackson\core\jackson-annotations\2.16.1\jackson-annotations-2.16.1.jar;C:\Users\svv19\.m2\repository\com\fasterxml\jackson\core\jackson-core\2.16.1\jackson-core-2.16.1.jar;C:\Users\svv19\.m2\repository\com\fasterxml\jackson\core\jackson-databind\2.16.1\jackson-databind-2.16.1.jar;"/>
    <property name="java.vm.vendor" value="Oracle Corporation"/>
    <property name="sun.arch.data.model" value="64"/>
    <property name="user.variant" value=""/>
    <property name="java.vendor.url" value="https://java.oracle.com/"/>
    <property name="user.timezone" value="Europe/Kiev"/>
    <property name="os.name" value="Windows 10"/>
    <property name="java.vm.specification.version" value="21"/>
    <property name="sun.java.launcher" value="SUN_STANDARD"/>
    <property name="user.country" value="UA"/>
    <property name="sun.boot.library.path" value="C:\Program Files\Java\jdk-21\bin"/>
    <property name="sun.java.command" value="C:\Users\svv19\AppData\Local\Temp\surefire1107348036223705643\surefirebooter-20240211155544698_3.jar C:\Users\svv19\AppData\Local\Temp\surefire1107348036223705643 2024-02-11T15-55-44_615-jvmRun1 surefire-20240211155544698_1tmp surefire_0-20240211155544698_2tmp"/>
    <property name="jdk.debug" value="release"/>
    <property name="surefire.test.class.path" value="H:\Download\HJAQALessonQA-HomeWork6\target\test-classes;H:\Download\HJAQALessonQA-HomeWork6\target\classes;C:\Users\svv19\.m2\repository\com\squareup\okhttp3\okhttp\4.12.0\okhttp-4.12.0.jar;C:\Users\svv19\.m2\repository\com\squareup\okio\okio\3.6.0\okio-3.6.0.jar;C:\Users\svv19\.m2\repository\com\squareup\okio\okio-jvm\3.6.0\okio-jvm-3.6.0.jar;C:\Users\svv19\.m2\repository\org\jetbrains\kotlin\kotlin-stdlib-common\1.9.10\kotlin-stdlib-common-1.9.10.jar;C:\Users\svv19\.m2\repository\org\jetbrains\kotlin\kotlin-stdlib-jdk8\1.8.21\kotlin-stdlib-jdk8-1.8.21.jar;C:\Users\svv19\.m2\repository\org\jetbrains\kotlin\kotlin-stdlib\1.8.21\kotlin-stdlib-1.8.21.jar;C:\Users\svv19\.m2\repository\org\jetbrains\annotations\13.0\annotations-13.0.jar;C:\Users\svv19\.m2\repository\org\jetbrains\kotlin\kotlin-stdlib-jdk7\1.8.21\kotlin-stdlib-jdk7-1.8.21.jar;C:\Users\svv19\.m2\repository\org\testng\testng\7.9.0\testng-7.9.0.jar;C:\Users\svv19\.m2\repository\org\slf4j\slf4j-api\1.7.36\slf4j-api-1.7.36.jar;C:\Users\svv19\.m2\repository\com\beust\jcommander\1.82\jcommander-1.82.jar;C:\Users\svv19\.m2\repository\org\webjars\jquery\3.7.1\jquery-3.7.1.jar;C:\Users\svv19\.m2\repository\org\json\json\20240205\json-20240205.jar;C:\Users\svv19\.m2\repository\com\fasterxml\jackson\core\jackson-annotations\2.16.1\jackson-annotations-2.16.1.jar;C:\Users\svv19\.m2\repository\com\fasterxml\jackson\core\jackson-core\2.16.1\jackson-core-2.16.1.jar;C:\Users\svv19\.m2\repository\com\fasterxml\jackson\core\jackson-databind\2.16.1\jackson-databind-2.16.1.jar;"/>
    <property name="sun.cpu.endian" value="little"/>
    <property name="user.home" value="C:\Users\svv19"/>
    <property name="user.language" value="uk"/>
    <property name="java.specification.vendor" value="Oracle Corporation"/>
    <property name="java.version.date" value="2023-10-17"/>
    <property name="java.home" value="C:\Program Files\Java\jdk-21"/>
    <property name="file.separator" value="\"/>
    <property name="basedir" value="H:\Download\HJAQALessonQA-HomeWork6"/>
    <property name="java.vm.compressedOopsMode" value="Zero based"/>
    <property name="line.separator" value="&#10;"/>
    <property name="java.vm.specification.vendor" value="Oracle Corporation"/>
    <property name="java.specification.name" value="Java Platform API Specification"/>
    <property name="surefire.real.class.path" value="C:\Users\svv19\AppData\Local\Temp\surefire1107348036223705643\surefirebooter-20240211155544698_3.jar"/>
    <property name="user.script" value=""/>
    <property name="sun.management.compiler" value="HotSpot 64-Bit Tiered Compilers"/>
    <property name="java.runtime.version" value="21.0.1+12-LTS-29"/>
    <property name="user.name" value="svv19"/>
    <property name="stdout.encoding" value="Cp1251"/>
    <property name="path.separator" value=";"/>
    <property name="os.version" value="10.0"/>
    <property name="java.runtime.name" value="Java(TM) SE Runtime Environment"/>
    <property name="file.encoding" value="UTF-8"/>
    <property name="java.vm.name" value="Java HotSpot(TM) 64-Bit Server VM"/>
    <property name="localRepository" value="C:\Users\svv19\.m2\repository"/>
    <property name="java.vendor.url.bug" value="https://bugreport.java.com/bugreport/"/>
    <property name="java.io.tmpdir" value="C:\Users\svv19\AppData\Local\Temp\"/>
    <property name="idea.version" value="2023.2.5"/>
    <property name="java.version" value="21.0.1"/>
    <property name="user.dir" value="H:\Download\HJAQALessonQA-HomeWork6"/>
    <property name="os.arch" value="amd64"/>
    <property name="java.vm.specification.name" value="Java Virtual Machine Specification"/>
    <property name="sun.os.patch.level" value=""/>
    <property name="native.encoding" value="Cp1251"/>
    <property name="java.library.path" value="C:\Program Files\Java\jdk-21\bin;C:\Windows\Sun\Java\bin;C:\Windows\system32;C:\Windows;C:\Program Files\Common Files\Oracle\Java\javapath;C:\Windows\system32;C:\Windows;C:\Windows\System32\Wbem;C:\Windows\System32\WindowsPowerShell\v1.0\;C:\Windows\System32\OpenSSH\;C:\Program Files (x86)\NVIDIA Corporation\PhysX\Common;C:\Program Files\Java\jdk-21\bin;C:\Program Files\Git\cmd;C:\Program Files\apache-maven-3.9.6-bin\apache-maven-3.9.6\bin;C:\Users\svv19\AppData\Local\Microsoft\WindowsApps;;C:\Program Files\JetBrains\IntelliJ IDEA 2023.2.5\bin;;."/>
    <property name="java.vm.info" value="mixed mode, sharing"/>
    <property name="stderr.encoding" value="Cp1251"/>
    <property name="java.vendor" value="Oracle Corporation"/>
    <property name="java.vm.version" value="21.0.1+12-LTS-29"/>
    <property name="sun.io.unicode.encoding" value="UnicodeLittle"/>
    <property name="java.class.version" value="65.0"/>
  </properties>
  <testcase name="getCoverPhotos" classname="apiTesting.CoverPhotosApiTest" time="0.546">
    <system-out><![CDATA[TestClassHomeWork1 :: Test Before Suit @ main
TestClassHomeWork2 :: Test Before Suit @ main
TestClassHomeWork3 :: Test Before Suit @ main
]]></system-out>
    <system-err><![CDATA[SLF4J: Failed to load class "org.slf4j.impl.StaticLoggerBinder".
SLF4J: Defaulting to no-operation (NOP) logger implementation
SLF4J: See http://www.slf4j.org/codes.html#StaticLoggerBinder for further details.
]]></system-err>
  </testcase>
  <testcase name="putCoverPhotos" classname="apiTesting.CoverPhotosApiTest" time="0.044">
    <system-out><![CDATA[apiTesting.CoverPhotosApiTest.putCoverPhotos(CoverPhotosApiTest.java:60) @ main
]]></system-out>
  </testcase>
  <testcase name="createJson" classname="apiTesting.JasonObjectTest" time="0.004">
    <system-out><![CDATA[{"age":40}
]]></system-out>
  </testcase>
  <testcase name="parseJson" classname="apiTesting.JasonObjectTest" time="0.002">
    <system-out><![CDATA[{"address":{"country":"United Kingdom","city":"London","street":"Main Street"},"hobbies":["reading","writing","coding"],"name":"John Doe","age":30}
30
]]></system-out>
  </testcase>
  <testcase name="addTest[1, 2, 3](1)" classname="testNG.DataProviderTest" time="0.001"/>
  <testcase name="addTest[3, 4, 7](2)" classname="testNG.DataProviderTest" time="0"/>
  <testcase name="addTest[5, 6, 11](3)" classname="testNG.DataProviderTest" time="0"/>
  <testcase name="addTest[5, 6, 11](4)" classname="testNG.DataProviderTest" time="0"/>
  <testcase name="addTest[5, 6, 11](5)" classname="testNG.DataProviderTest" time="0"/>
  <testcase name="firstTest" classname="testNG.TestClassHomeWork1" time="0">
    <system-out><![CDATA[TestClassHomeWork1 :: Test Before Class @ main
It is Test Number 1 @ main
]]></system-out>
  </testcase>
  <testcase name="secondTest" classname="testNG.TestClassHomeWork1" time="0.002">
    <system-out><![CDATA[It is Test Number 2 @ main
]]></system-out>
  </testcase>
  <testcase name="thirdTest" classname="testNG.TestClassHomeWork1" time="0">
    <system-out><![CDATA[It is Test Number 3 @ main
]]></system-out>
  </testcase>
  <testcase name="fourthTest" classname="testNG.TestClassHomeWork1" time="0">
    <system-out><![CDATA[It is Test Number 4 @ main
]]></system-out>
  </testcase>
  <testcase name="fifthTest" classname="testNG.TestClassHomeWork1" time="0.001">
    <system-out><![CDATA[It is Test Number 5 @ main
]]></system-out>
  </testcase>
  <testcase name="fifthTest" classname="testNG.TestClassHomeWork2" time="0">
    <system-out><![CDATA[TestClassHomeWork1 :: Test After Class @ main
TestClassHomeWork2 :: Test Before Class @ main
It is Test Number 10 @ main
]]></system-out>
  </testcase>
  <testcase name="firstTest" classname="testNG.TestClassHomeWork2" time="0">
    <system-out><![CDATA[It is Test Number 6 @ main
]]></system-out>
  </testcase>
  <testcase name="fourthTest" classname="testNG.TestClassHomeWork2" time="0.001">
    <system-out><![CDATA[It is Test Number 9 @ main
]]></system-out>
  </testcase>
  <testcase name="secondTest" classname="testNG.TestClassHomeWork2" time="0.001">
    <system-out><![CDATA[It is Test Number 7 @ main
]]></system-out>
  </testcase>
  <testcase name="thirdTest" classname="testNG.TestClassHomeWork2" time="0.001">
    <system-out><![CDATA[It is Test Number 8 @ main
]]></system-out>
  </testcase>
  <testcase name="fifthTest" classname="testNG.TestClassHomeWork3" time="0">
    <system-out><![CDATA[TestClassHomeWork2 :: Test After Class @ main
TestClassHomeWork3 :: Test Before Class @ main
It is Test Number 15 @ main
]]></system-out>
  </testcase>
  <testcase name="firstTest" classname="testNG.TestClassHomeWork3" time="0.001">
    <system-out><![CDATA[It is Test Number 11 @ main
]]></system-out>
  </testcase>
  <testcase name="fourthTest" classname="testNG.TestClassHomeWork3" time="0.001">
    <system-out><![CDATA[It is Test Number 14 @ main
]]></system-out>
  </testcase>
  <testcase name="secondTest" classname="testNG.TestClassHomeWork3" time="0">
    <system-out><![CDATA[It is Test Number 12 @ main
]]></system-out>
  </testcase>
  <testcase name="thirdTest" classname="testNG.TestClassHomeWork3" time="0">
    <system-out><![CDATA[It is Test Number 13 @ main
]]></system-out>
  </testcase>
</testsuite>