<?xml version="1.0" encoding="UTF-8"?>
<!-- Generated by org.testng.reporters.JUnitReportReporter -->
<testsuite hostname="DESKTOP-MCVP6TO" failures="0" tests="5" name="testNG.DataProviderTest" time="0.005" errors="0" timestamp="2024-01-28T14:23:30 EET" skipped="0">
  <testcase classname="testNG.DataProviderTest" name="addTest" time="0.000"/>
  <testcase classname="testNG.DataProviderTest" name="addTest" time="0.000"/>
  <testcase classname="testNG.DataProviderTest" name="addTest" time="0.000"/>
  <testcase classname="testNG.DataProviderTest" name="addTest" time="0.005"/>
  <testcase classname="testNG.DataProviderTest" name="addTest" time="0.000"/>
</testsuite> <!-- testNG.DataProviderTest -->
