<?xml version="1.0" encoding="UTF-8"?>
<!-- Generated by org.testng.reporters.JUnitReportReporter -->
<testsuite hostname="DESKTOP-MCVP6TO" failures="0" tests="2" name="apiTesting.JasonObjectTest" time="0.004" errors="0" timestamp="2024-02-11T15:55:46 EET" skipped="0">
  <testcase classname="apiTesting.JasonObjectTest" name="parseJson" time="0.002"/>
  <testcase classname="apiTesting.JasonObjectTest" name="createJson" time="0.002"/>
</testsuite> <!-- apiTesting.JasonObjectTest -->
