<?xml version="1.0" encoding="UTF-8"?>
<!-- Generated by org.testng.reporters.JUnitReportReporter -->
<testsuite hostname="DESKTOP-MCVP6TO" failures="0" tests="5" name="testNG.TestClassHomeWork2" time="0.001" errors="0" timestamp="2024-02-11T15:55:46 EET" skipped="0">
  <testcase classname="testNG.TestClassHomeWork2" name="secondTest" time="0.000"/>
  <testcase classname="testNG.TestClassHomeWork2" name="fourthTest" time="0.000"/>
  <testcase classname="testNG.TestClassHomeWork2" name="firstTest" time="0.001"/>
  <testcase classname="testNG.TestClassHomeWork2" name="thirdTest" time="0.000"/>
  <testcase classname="testNG.TestClassHomeWork2" name="fifthTest" time="0.000"/>
</testsuite> <!-- testNG.TestClassHomeWork2 -->
