<?xml version="1.0" encoding="UTF-8"?>
<!-- Generated by org.testng.reporters.JUnitReportReporter -->
<testsuite hostname="DESKTOP-MCVP6TO" failures="0" tests="2" name="apiTesting.CoverPhotosApiTest" time="0.590" errors="0" timestamp="2024-02-11T15:55:46 EET" skipped="0">
  <testcase classname="apiTesting.CoverPhotosApiTest" name="getCoverPhotos" time="0.546"/>
  <testcase classname="apiTesting.CoverPhotosApiTest" name="putCoverPhotos" time="0.044"/>
</testsuite> <!-- apiTesting.CoverPhotosApiTest -->
